<?xml version="1.0" encoding="UTF-8"?>
<!-- Generated by org.testng.reporters.JUnitReportReporter -->
<testsuite hostname="DESKTOP-K0VIRNL" failures="0" tests="2" name="com.test.classes.VerifyLoginpage" time="5.984" errors="0" timestamp="18 Jun 2021 12:18:10 GMT" skipped="0">
  <testcase classname="com.test.classes.VerifyLoginpage" name="checksignin" time="3.430"/>
  <testcase classname="com.test.classes.VerifyLoginpage" name="checksignin" time="2.554"/>
</testsuite> <!-- com.test.classes.VerifyLoginpage -->
